<?xml version="1.0" encoding="UTF-8"?>
<testsuite name="TestSuite" time="39.653" tests="4" errors="0" skipped="0" failures="1">
  <properties>
[...]
</properties>
  <testcase name="homePageFeatures" classname="com.webdriver.framework.tests.HomePageFeaturesTest" time="9.137">
    <failure message="expected:&lt;7&gt; but was:&lt;8&gt;" type="java.lang.AssertionError"><![CDATA[java.lang.AssertionError: expected:<7> but was:<8>
	at org.testng.Assert.fail(Assert.java:89)
	at org.testng.Assert.failNotEquals(Assert.java:489)
	at org.testng.Assert.assertEquals(Assert.java:118)
	at org.testng.Assert.assertEquals(Assert.java:365)
	at org.testng.Assert.assertEquals(Assert.java:375)
	at com.webdriver.framework.tests.HomePageFeaturesTest.homePageFeatures(HomePageFeaturesTest.java:17)
]]></failure>
    <system-err><![CDATA[FF
]]></system-err>
  </testcase>
  <testcase name="navigatingBetweenTabs" classname="com.webdriver.framework.tests.HomePageTabsTest" time="10.245"/>
  <testcase name="navigatingBetweenTabs" classname="com.webdriver.framework.tests.HomePageTabsTest" time="10.13"/>
  <testcase name="navigatingBetweenTabs" classname="com.webdriver.framework.tests.HomePageTabsTest" time="10.141"/>
</testsuite>